<?xml version="1.0" encoding="UTF-8"?>
<testng-results skipped="0" failed="1" ignored="0" total="3" passed="2">
  <reporter-output>
  </reporter-output>
  <suite name="OrangeHRM" duration-ms="117253" started-at="2020-02-21T17:37:52Z" finished-at="2020-02-21T17:39:49Z">
    <groups>
      <group name="LoginGroup">
        <method signature="LoginTests.TC1VerifyValidAdminUser(java.lang.String, java.lang.String, java.lang.String)[pri:0, instance:com.orangehrm.tests.LoginTests@12050f6]" name="TC1VerifyValidAdminUser" class="com.orangehrm.tests.LoginTests"/>
      </group> <!-- LoginGroup -->
    </groups>
    <test name="OrangeHRM test" duration-ms="117253" started-at="2020-02-21T17:37:52Z" finished-at="2020-02-21T17:39:49Z">
      <class name="com.orangehrm.tests.LoginTests">
        <test-method status="PASS" signature="TC1VerifyValidAdminUser(java.lang.String, java.lang.String, java.lang.String)[pri:0, instance:com.orangehrm.tests.LoginTests@12050f6]" name="TC1VerifyValidAdminUser" duration-ms="113686" started-at="2020-02-21T17:37:56Z" data-provider="excelData" finished-at="2020-02-21T17:39:49Z">
          <params>
            <param index="0">
              <value>
                <![CDATA[admin]]>
              </value>
            </param>
            <param index="1">
              <value>
                <![CDATA[admin]]>
              </value>
            </param>
            <param index="2">
              <value>
                <![CDATA[Welcome Admin]]>
              </value>
            </param>
          </params>
          <reporter-output>
          </reporter-output>
        </test-method> <!-- TC1VerifyValidAdminUser -->
        <test-method status="PASS" signature="TC1VerifyValidAdminUser(java.lang.String, java.lang.String, java.lang.String)[pri:0, instance:com.orangehrm.tests.LoginTests@12050f6]" name="TC1VerifyValidAdminUser" duration-ms="98792" started-at="2020-02-21T17:37:56Z" data-provider="excelData" finished-at="2020-02-21T17:39:34Z">
          <params>
            <param index="0">
              <value>
                <![CDATA[Aman12019112313024]]>
              </value>
            </param>
            <param index="1">
              <value>
                <![CDATA[Aman123]]>
              </value>
            </param>
            <param index="2">
              <value>
                <![CDATA[Welcome Anup]]>
              </value>
            </param>
          </params>
          <reporter-output>
          </reporter-output>
        </test-method> <!-- TC1VerifyValidAdminUser -->
        <test-method status="FAIL" signature="TC1VerifyValidAdminUser(java.lang.String, java.lang.String, java.lang.String)[pri:0, instance:com.orangehrm.tests.LoginTests@12050f6]" name="TC1VerifyValidAdminUser" duration-ms="70892" started-at="2020-02-21T17:37:56Z" data-provider="excelData" finished-at="2020-02-21T17:39:07Z">
          <params>
            <param index="0">
              <value>
                <![CDATA[wronguser]]>
              </value>
            </param>
            <param index="1">
              <value>
                <![CDATA[wrongpaswd]]>
              </value>
            </param>
            <param index="2">
              <value>
                <![CDATA[wrong welcome]]>
              </value>
            </param>
          </params>
          <exception class="org.openqa.selenium.TimeoutException">
            <message>
              <![CDATA[Expected condition failed: waiting for element to be clickable: Proxy element for: DefaultElementLocator 'By.id: welcome' (tried for 10 second(s) with 500 milliseconds interval)]]>
            </message>
            <full-stacktrace>
              <![CDATA[org.openqa.selenium.TimeoutException: Expected condition failed: waiting for element to be clickable: Proxy element for: DefaultElementLocator 'By.id: welcome' (tried for 10 second(s) with 500 milliseconds interval)
at org.openqa.selenium.support.ui.WebDriverWait.timeoutException(WebDriverWait.java:95)
at org.openqa.selenium.support.ui.FluentWait.until(FluentWait.java:272)
at com.orangehrm.pages.HomePageAfterLogin.isHomePageLoaded(HomePageAfterLogin.java:30)
at com.orangehrm.pages.LoginPage.checkValidLogin(LoginPage.java:45)
at com.orangehrm.tests.LoginTests.TC1VerifyValidAdminUser(LoginTests.java:15)
at sun.reflect.NativeMethodAccessorImpl.invoke0(Native Method)
at sun.reflect.NativeMethodAccessorImpl.invoke(NativeMethodAccessorImpl.java:62)
at sun.reflect.DelegatingMethodAccessorImpl.invoke(DelegatingMethodAccessorImpl.java:43)
at java.lang.reflect.Method.invoke(Method.java:498)
at org.testng.internal.MethodInvocationHelper.invokeMethod(MethodInvocationHelper.java:124)
at org.testng.internal.Invoker.invokeMethod(Invoker.java:583)
at org.testng.internal.Invoker.invokeTestMethod(Invoker.java:719)
at org.testng.internal.TestMethodWithDataProviderMethodWorker.call(TestMethodWithDataProviderMethodWorker.java:71)
at org.testng.internal.TestMethodWithDataProviderMethodWorker.call(TestMethodWithDataProviderMethodWorker.java:14)
at java.util.concurrent.FutureTask.run(FutureTask.java:266)
at java.util.concurrent.Executors$RunnableAdapter.call(Executors.java:511)
at java.util.concurrent.FutureTask.run(FutureTask.java:266)
at java.util.concurrent.ThreadPoolExecutor.runWorker(ThreadPoolExecutor.java:1142)
at java.util.concurrent.ThreadPoolExecutor$Worker.run(ThreadPoolExecutor.java:617)
at java.lang.Thread.run(Thread.java:748)
Caused by: org.openqa.selenium.NoSuchElementException: no such element: Unable to locate element: {"method":"css selector","selector":"#welcome"}
  (Session info: chrome=80.0.3987.116)
For documentation on this error, please visit: https://www.seleniumhq.org/exceptions/no_such_element.html
Build info: version: '3.141.59', revision: 'e82be7d358', time: '2018-11-14T08:17:03'
System info: host: 'DANKSH-PC', ip: '192.168.1.6', os.name: 'Windows 7', os.arch: 'x86', os.version: '6.1', java.version: '1.8.0_131'
Driver info: org.openqa.selenium.remote.RemoteWebDriver
Capabilities {acceptInsecureCerts: false, browserName: chrome, browserVersion: 80.0.3987.116, chrome: {chromedriverVersion: 80.0.3987.106 (f68069574609..., userDataDir: C:\Users\danksh\AppData\Loc...}, goog:chromeOptions: {debuggerAddress: localhost:52915}, javascriptEnabled: true, networkConnectionEnabled: false, pageLoadStrategy: normal, platform: WINDOWS, platformName: WINDOWS, proxy: Proxy(), setWindowRect: true, strictFileInteractability: false, timeouts: {implicit: 0, pageLoad: 300000, script: 30000}, unhandledPromptBehavior: dismiss and notify, webdriver.remote.sessionid: 1b685fe36d372dbffc1d6d9bdbb...}
Session ID: 1b685fe36d372dbffc1d6d9bdbb448b2
*** Element info: {Using=id, value=welcome}
at sun.reflect.NativeConstructorAccessorImpl.newInstance0(Native Method)
at sun.reflect.NativeConstructorAccessorImpl.newInstance(NativeConstructorAccessorImpl.java:62)
at sun.reflect.DelegatingConstructorAccessorImpl.newInstance(DelegatingConstructorAccessorImpl.java:45)
at java.lang.reflect.Constructor.newInstance(Constructor.java:423)
at org.openqa.selenium.remote.http.W3CHttpResponseCodec.createException(W3CHttpResponseCodec.java:187)
at org.openqa.selenium.remote.http.W3CHttpResponseCodec.decode(W3CHttpResponseCodec.java:122)
at org.openqa.selenium.remote.http.W3CHttpResponseCodec.decode(W3CHttpResponseCodec.java:49)
at org.openqa.selenium.remote.HttpCommandExecutor.execute(HttpCommandExecutor.java:158)
at org.openqa.selenium.remote.RemoteWebDriver.execute(RemoteWebDriver.java:552)
at org.openqa.selenium.remote.RemoteWebDriver.findElement(RemoteWebDriver.java:323)
at org.openqa.selenium.remote.RemoteWebDriver.findElementById(RemoteWebDriver.java:372)
at org.openqa.selenium.By$ById.findElement(By.java:188)
at org.openqa.selenium.remote.RemoteWebDriver.findElement(RemoteWebDriver.java:315)
at org.openqa.selenium.support.pagefactory.DefaultElementLocator.findElement(DefaultElementLocator.java:69)
at org.openqa.selenium.support.pagefactory.internal.LocatingElementHandler.invoke(LocatingElementHandler.java:38)
at com.sun.proxy.$Proxy8.isDisplayed(Unknown Source)
at org.openqa.selenium.support.ui.ExpectedConditions.elementIfVisible(ExpectedConditions.java:314)
at org.openqa.selenium.support.ui.ExpectedConditions.access$000(ExpectedConditions.java:43)
at org.openqa.selenium.support.ui.ExpectedConditions$10.apply(ExpectedConditions.java:300)
at org.openqa.selenium.support.ui.ExpectedConditions$10.apply(ExpectedConditions.java:297)
at org.openqa.selenium.support.ui.ExpectedConditions$23.apply(ExpectedConditions.java:670)
at org.openqa.selenium.support.ui.ExpectedConditions$23.apply(ExpectedConditions.java:666)
at org.openqa.selenium.support.ui.FluentWait.until(FluentWait.java:249)
... 18 more
]]>
            </full-stacktrace>
          </exception> <!-- org.openqa.selenium.TimeoutException -->
          <reporter-output>
          </reporter-output>
        </test-method> <!-- TC1VerifyValidAdminUser -->
        <test-method status="PASS" signature="afterSuit()[pri:0, instance:com.orangehrm.tests.LoginTests@12050f6]" name="afterSuit" is-config="true" duration-ms="1111" started-at="2020-02-21T17:39:50Z" finished-at="2020-02-21T17:39:51Z">
          <reporter-output>
          </reporter-output>
        </test-method> <!-- afterSuit -->
      </class> <!-- com.orangehrm.tests.LoginTests -->
    </test> <!-- OrangeHRM test -->
  </suite> <!-- OrangeHRM -->
</testng-results>
